Using pre-set license
Built from '2020.3/staging' branch; Version is '2020.3.10f1 (297d780c91bc) revision 2719096'; Using compiler version '192528614'; Build Type 'Release'
OS: 'Windows 10 Pro; OS build 19042.1466; Version 2009; 64bit' Language: 'es' Physical Memory: 16329 MB
BatchMode: 1, IsHumanControllingUs: 0, StartBugReporterOnCrash: 0, Is64bit: 1, IsPro: 0

 COMMAND LINE ARGUMENTS:
C:\Program Files\Unity\Hub\Editor\2020.3.10f1\Editor\Unity.exe
-adb2
-batchMode
-noUpm
-name
AssetImportWorker0
-projectPath
D:/SmolsOffline/SmolsOffiline
-logFile
Logs/AssetImportWorker0.log
-srvPort
49651
Successfully changed project path to: D:/SmolsOffline/SmolsOffiline
D:/SmolsOffline/SmolsOffiline
Using Asset Import Pipeline V2.
Refreshing native plugins compatible for Editor in 77.95 ms, found 2 plugins.
Preloading 0 native plugins for Editor in 0.00 ms.
Initialize engine version: 2020.3.10f1 (297d780c91bc)
[Subsystems] Discovering subsystems at path C:/Program Files/Unity/Hub/Editor/2020.3.10f1/Editor/Data/Resources/UnitySubsystems
[Subsystems] Discovering subsystems at path D:/SmolsOffline/SmolsOffiline/Assets
GfxDevice: creating device client; threaded=0
Direct3D:
    Version:  Direct3D 11.0 [level 11.1]
    Renderer: NVIDIA GeForce GTX 1060 3GB (ID=0x1c02)
    Vendor:   
    VRAM:     2988 MB
    Driver:   30.0.14.9649
Shader 'Universal Render Pipeline/Particles/Lit': fallback shader 'Universal Render Pipeline/Particles/SimpleLit' not found
Initialize mono
Mono path[0] = 'C:/Program Files/Unity/Hub/Editor/2020.3.10f1/Editor/Data/Managed'
Mono path[1] = 'C:/Program Files/Unity/Hub/Editor/2020.3.10f1/Editor/Data/MonoBleedingEdge/lib/mono/unityjit'
Mono config path = 'C:/Program Files/Unity/Hub/Editor/2020.3.10f1/Editor/Data/MonoBleedingEdge/etc'
Using monoOptions --debugger-agent=transport=dt_socket,embedding=1,server=y,suspend=n,address=127.0.0.1:56348
Begin MonoManager ReloadAssembly
Registering precompiled unity dll's ...
Register platform support module: C:/Program Files/Unity/Hub/Editor/2020.3.10f1/Editor/Data/PlaybackEngines/WindowsStandaloneSupport/UnityEditor.WindowsStandalone.Extensions.dll
Registered in 0.001968 seconds.
Native extension for WindowsStandalone target not found
Refreshing native plugins compatible for Editor in 75.64 ms, found 2 plugins.
Preloading 0 native plugins for Editor in 0.00 ms.
Mono: successfully reloaded assembly
- Completed reload, in  1.708 seconds
Platform modules already initialized, skipping
Registering precompiled user dll's ...
Registered in 0.004124 seconds.
Begin MonoManager ReloadAssembly
Native extension for WindowsStandalone target not found
Refreshing native plugins compatible for Editor in 80.92 ms, found 2 plugins.
Preloading 0 native plugins for Editor in 0.00 ms.
Mono: successfully reloaded assembly
- Completed reload, in  1.091 seconds
Platform modules already initialized, skipping
========================================================================
Worker process is ready to serve import requests
Shader 'Universal Render Pipeline/Particles/Lit': fallback shader 'Universal Render Pipeline/Particles/SimpleLit' not found
Launched and connected shader compiler UnityShaderCompiler.exe after 0.04 seconds
Refreshing native plugins compatible for Editor in 0.92 ms, found 2 plugins.
Preloading 0 native plugins for Editor in 0.00 ms.
Unloading 3295 Unused Serialized files (Serialized files now loaded: 0)
System memory in use before: 149.2 MB.
System memory in use after: 149.4 MB.

Unloading 20 unused Assets to reduce memory usage. Loaded Objects now: 3746.
Total: 2.558000 ms (FindLiveObjects: 0.470500 ms CreateObjectMapping: 0.157200 ms MarkObjects: 1.837800 ms  DeleteObjects: 0.091300 ms)

========================================================================
Received Import Request.
  path: Assets/Shaders/Terrain
  artifactKey: Guid(011fe6d20513eb14e9bfa26f9608e691) Importer(815301076,1909f56bfc062723c751e8b465ee728b)
Start importing Assets/Shaders/Terrain using Guid(011fe6d20513eb14e9bfa26f9608e691) Importer(815301076,1909f56bfc062723c751e8b465ee728b)  -> (artifact id: 'c82a387c3420c84413a1221706d4cdaf') in 0.008277 seconds
  Import took 0.012978 seconds .

========================================================================
Received Import Request.
  Time since last request: 14.002170 seconds.
  path: Assets/Shaders/Terrain/NewSurfaceShader.shader
  artifactKey: Guid(b95e9a70feceb2f41bf9423b06e69f8a) Importer(815301076,1909f56bfc062723c751e8b465ee728b)
Start importing Assets/Shaders/Terrain/NewSurfaceShader.shader using Guid(b95e9a70feceb2f41bf9423b06e69f8a) Importer(815301076,1909f56bfc062723c751e8b465ee728b)  -> (artifact id: 'c573c19ce1d8e75c05ead8db1256403e') in 0.046905 seconds
  Import took 0.052450 seconds .

========================================================================
Received Import Request.
  Time since last request: 0.000926 seconds.
  path: Assets/Shaders/Terrain/NewSurfaceShader.shader
  artifactKey: Guid(b95e9a70feceb2f41bf9423b06e69f8a) Importer(815301076,1909f56bfc062723c751e8b465ee728b)
Start importing Assets/Shaders/Terrain/NewSurfaceShader.shader using Guid(b95e9a70feceb2f41bf9423b06e69f8a) Importer(815301076,1909f56bfc062723c751e8b465ee728b)  -> (artifact id: 'c573c19ce1d8e75c05ead8db1256403e') in 0.005610 seconds
  Import took 0.012766 seconds .

========================================================================
Received Import Request.
  Time since last request: 4.125136 seconds.
  path: Assets/Shaders/Terrain/Terrain.shader
  artifactKey: Guid(b95e9a70feceb2f41bf9423b06e69f8a) Importer(815301076,1909f56bfc062723c751e8b465ee728b)
Start importing Assets/Shaders/Terrain/Terrain.shader using Guid(b95e9a70feceb2f41bf9423b06e69f8a) Importer(815301076,1909f56bfc062723c751e8b465ee728b)  -> (artifact id: '4f3f6fd3b07024d8495545bc69e1b8d6') in 0.003683 seconds
  Import took 0.009217 seconds .

========================================================================
Received Import Request.
  Time since last request: 8.811436 seconds.
  path: Assets/Materials/Mesh Mat.mat
  artifactKey: Guid(b0872f84cf3c7441d893168677410c73) Importer(815301076,1909f56bfc062723c751e8b465ee728b)
Start importing Assets/Materials/Mesh Mat.mat using Guid(b0872f84cf3c7441d893168677410c73) Importer(815301076,1909f56bfc062723c751e8b465ee728b)  -> (artifact id: 'b8f80e3e968aacf67bed6af3f37d933f') in 0.178372 seconds
  Import took 0.184523 seconds .

========================================================================
Received Import Request.
  Time since last request: 6.522518 seconds.
  path: Assets/Materials/Terrain
  artifactKey: Guid(c4fd016d31682e9438ddef2b42324730) Importer(815301076,1909f56bfc062723c751e8b465ee728b)
Start importing Assets/Materials/Terrain using Guid(c4fd016d31682e9438ddef2b42324730) Importer(815301076,1909f56bfc062723c751e8b465ee728b)  -> (artifact id: 'ebc3e67aba12d7ea930c79b01ce5da27') in 0.001874 seconds
  Import took 0.007077 seconds .

========================================================================
Received Import Request.
  Time since last request: 43.404938 seconds.
  path: Assets/Shaders/Terrain/Terrain.shader
  artifactKey: Guid(b95e9a70feceb2f41bf9423b06e69f8a) Importer(815301076,1909f56bfc062723c751e8b465ee728b)
Start importing Assets/Shaders/Terrain/Terrain.shader using Guid(b95e9a70feceb2f41bf9423b06e69f8a) Importer(815301076,1909f56bfc062723c751e8b465ee728b)  -> (artifact id: '306f8f4855aebee901b9d34f0d858683') in 0.003781 seconds
  Import took 0.009307 seconds .

========================================================================
Received Import Request.
  Time since last request: 122.244403 seconds.
  path: Assets/Shaders/Terrain/Terrain.shader
  artifactKey: Guid(b95e9a70feceb2f41bf9423b06e69f8a) Importer(815301076,1909f56bfc062723c751e8b465ee728b)
Start importing Assets/Shaders/Terrain/Terrain.shader using Guid(b95e9a70feceb2f41bf9423b06e69f8a) Importer(815301076,1909f56bfc062723c751e8b465ee728b)  -> (artifact id: '9e0531e19d2d64c5aadb0194536743e6') in 0.032897 seconds
  Import took 0.041706 seconds .

========================================================================
Received Import Request.
  Time since last request: 0.011111 seconds.
  path: Assets/Shaders/Terrain/Terrain.shader
  artifactKey: Guid(b95e9a70feceb2f41bf9423b06e69f8a) Importer(815301076,1909f56bfc062723c751e8b465ee728b)
Start importing Assets/Shaders/Terrain/Terrain.shader using Guid(b95e9a70feceb2f41bf9423b06e69f8a) Importer(815301076,1909f56bfc062723c751e8b465ee728b)  -> (artifact id: '9e0531e19d2d64c5aadb0194536743e6') in 0.003176 seconds
  Import took 0.009039 seconds .

========================================================================
Received Import Request.
  Time since last request: 9.487087 seconds.
  path: Assets/Shaders/Terrain/Terrain.shader
  artifactKey: Guid(b95e9a70feceb2f41bf9423b06e69f8a) Importer(815301076,1909f56bfc062723c751e8b465ee728b)
Start importing Assets/Shaders/Terrain/Terrain.shader using Guid(b95e9a70feceb2f41bf9423b06e69f8a) Importer(815301076,1909f56bfc062723c751e8b465ee728b)  -> (artifact id: '8f1cd35b18f84a9fffc2251e3482ef3b') in 0.003849 seconds
  Import took 0.009614 seconds .

========================================================================
Received Prepare
Registering precompiled user dll's ...
Registered in 0.006613 seconds.
Begin MonoManager ReloadAssembly
Native extension for WindowsStandalone target not found
Refreshing native plugins compatible for Editor in 0.82 ms, found 2 plugins.
Preloading 0 native plugins for Editor in 0.00 ms.
Mono: successfully reloaded assembly
- Completed reload, in  1.091 seconds
Platform modules already initialized, skipping
Shader 'Universal Render Pipeline/Particles/Lit': fallback shader 'Universal Render Pipeline/Particles/SimpleLit' not found
Refreshing native plugins compatible for Editor in 1.80 ms, found 2 plugins.
Preloading 0 native plugins for Editor in 0.00 ms.
Unloading 3173 Unused Serialized files (Serialized files now loaded: 0)
System memory in use before: 146.7 MB.
System memory in use after: 146.4 MB.

Unloading 16 unused Assets to reduce memory usage. Loaded Objects now: 3827.
Total: 3.110900 ms (FindLiveObjects: 0.555400 ms CreateObjectMapping: 0.129900 ms MarkObjects: 2.118300 ms  DeleteObjects: 0.306200 ms)

========================================================================
Received Prepare
Registering precompiled user dll's ...
Registered in 0.005080 seconds.
Begin MonoManager ReloadAssembly
Native extension for WindowsStandalone target not found
Refreshing native plugins compatible for Editor in 0.85 ms, found 2 plugins.
Preloading 0 native plugins for Editor in 0.00 ms.
Mono: successfully reloaded assembly
- Completed reload, in  1.131 seconds
Platform modules already initialized, skipping
Shader 'Universal Render Pipeline/Particles/Lit': fallback shader 'Universal Render Pipeline/Particles/SimpleLit' not found
Refreshing native plugins compatible for Editor in 1.23 ms, found 2 plugins.
Preloading 0 native plugins for Editor in 0.00 ms.
Unloading 3173 Unused Serialized files (Serialized files now loaded: 0)
System memory in use before: 146.7 MB.
System memory in use after: 146.5 MB.

Unloading 16 unused Assets to reduce memory usage. Loaded Objects now: 3830.
Total: 2.597700 ms (FindLiveObjects: 0.332400 ms CreateObjectMapping: 0.154700 ms MarkObjects: 1.780300 ms  DeleteObjects: 0.329300 ms)

========================================================================
Received Import Request.
  Time since last request: 552.837229 seconds.
  path: Assets/Scripts/Procedural Generation/TerrainAssets/DefaultTexture.asset
  artifactKey: Guid(85de8e6a9ff28bf4e8a384d56f1785ae) Importer(815301076,1909f56bfc062723c751e8b465ee728b)
Start importing Assets/Scripts/Procedural Generation/TerrainAssets/DefaultTexture.asset using Guid(85de8e6a9ff28bf4e8a384d56f1785ae) Importer(815301076,1909f56bfc062723c751e8b465ee728b)  -> (artifact id: '86267d3063580f34a2d337cfbdf63dce') in 0.063232 seconds
  Import took 0.071277 seconds .

========================================================================
Received Import Request.
  Time since last request: 241.544862 seconds.
  path: Assets/Shaders/Terrain/Terrain.shader
  artifactKey: Guid(b95e9a70feceb2f41bf9423b06e69f8a) Importer(815301076,1909f56bfc062723c751e8b465ee728b)
Start importing Assets/Shaders/Terrain/Terrain.shader using Guid(b95e9a70feceb2f41bf9423b06e69f8a) Importer(815301076,1909f56bfc062723c751e8b465ee728b)  -> (artifact id: '762e876f126784fb48fb60612a39dbae') in 0.005421 seconds
  Import took 0.011665 seconds .

========================================================================
Received Import Request.
  Time since last request: 0.003913 seconds.
  path: Assets/Shaders/Terrain/Terrain.shader
  artifactKey: Guid(b95e9a70feceb2f41bf9423b06e69f8a) Importer(815301076,1909f56bfc062723c751e8b465ee728b)
Start importing Assets/Shaders/Terrain/Terrain.shader using Guid(b95e9a70feceb2f41bf9423b06e69f8a) Importer(815301076,1909f56bfc062723c751e8b465ee728b)  -> (artifact id: '762e876f126784fb48fb60612a39dbae') in 0.004551 seconds
  Import took 0.009882 seconds .

========================================================================
Received Import Request.
  Time since last request: 7.951206 seconds.
  path: Assets/Shaders/Terrain/Terrain.shader
  artifactKey: Guid(b95e9a70feceb2f41bf9423b06e69f8a) Importer(815301076,1909f56bfc062723c751e8b465ee728b)
Start importing Assets/Shaders/Terrain/Terrain.shader using Guid(b95e9a70feceb2f41bf9423b06e69f8a) Importer(815301076,1909f56bfc062723c751e8b465ee728b)  -> (artifact id: 'a76c72e607b01ebacd2990d0172480aa') in 0.005026 seconds
  Import took 0.010613 seconds .

========================================================================
Received Import Request.
  Time since last request: 0.009082 seconds.
  path: Assets/Shaders/Terrain/Terrain.shader
  artifactKey: Guid(b95e9a70feceb2f41bf9423b06e69f8a) Importer(815301076,1909f56bfc062723c751e8b465ee728b)
Start importing Assets/Shaders/Terrain/Terrain.shader using Guid(b95e9a70feceb2f41bf9423b06e69f8a) Importer(815301076,1909f56bfc062723c751e8b465ee728b)  -> (artifact id: 'a76c72e607b01ebacd2990d0172480aa') in 0.005254 seconds
  Import took 0.012148 seconds .

========================================================================
Received Import Request.
  Time since last request: 5.478901 seconds.
  path: Assets/Shaders/Terrain/Terrain.shader
  artifactKey: Guid(b95e9a70feceb2f41bf9423b06e69f8a) Importer(815301076,1909f56bfc062723c751e8b465ee728b)
Start importing Assets/Shaders/Terrain/Terrain.shader using Guid(b95e9a70feceb2f41bf9423b06e69f8a) Importer(815301076,1909f56bfc062723c751e8b465ee728b)  -> (artifact id: 'a45f9c0afce123b105797b8433790665') in 0.003995 seconds
  Import took 0.009505 seconds .

========================================================================
Received Import Request.
  Time since last request: 131.488490 seconds.
  path: Assets/Shaders/Lighting/vfx_LightingGraph.vfx
  artifactKey: Guid(93fbbd184e75744458ae48284bedc96d) Importer(815301076,1909f56bfc062723c751e8b465ee728b)
Start importing Assets/Shaders/Lighting/vfx_LightingGraph.vfx using Guid(93fbbd184e75744458ae48284bedc96d) Importer(815301076,1909f56bfc062723c751e8b465ee728b)  -> (artifact id: '97a02cbf6195ec0b9c1f07ee047d452e') in 0.009330 seconds
  Import took 0.016172 seconds .

========================================================================
Received Import Request.
  Time since last request: 11.528017 seconds.
  path: Assets/Shaders/Graph.vfx
  artifactKey: Guid(edf23a42d7671fa478101deb2e6e1788) Importer(815301076,1909f56bfc062723c751e8b465ee728b)
Start importing Assets/Shaders/Graph.vfx using Guid(edf23a42d7671fa478101deb2e6e1788) Importer(815301076,1909f56bfc062723c751e8b465ee728b)  -> (artifact id: '9185eb8ea038ed12b954c464a9054b03') in 0.006747 seconds
  Import took 0.012064 seconds .

========================================================================
Received Import Request.
  Time since last request: 34.114678 seconds.
  path: Assets/Shaders/Terrain/A.shader
  artifactKey: Guid(5a0b79f6d45d4e84f8c1a3dcc04f1286) Importer(815301076,1909f56bfc062723c751e8b465ee728b)
Start importing Assets/Shaders/Terrain/A.shader using Guid(5a0b79f6d45d4e84f8c1a3dcc04f1286) Importer(815301076,1909f56bfc062723c751e8b465ee728b)  -> (artifact id: 'f07bd923c34a5f872ddedb5998b2458e') in 0.005728 seconds
  Import took 0.011872 seconds .

========================================================================
Received Prepare
Registering precompiled user dll's ...
Registered in 0.006011 seconds.
Begin MonoManager ReloadAssembly
Native extension for WindowsStandalone target not found
Refreshing native plugins compatible for Editor in 1.31 ms, found 2 plugins.
Preloading 0 native plugins for Editor in 0.00 ms.
Mono: successfully reloaded assembly
- Completed reload, in  1.007 seconds
Platform modules already initialized, skipping
Shader 'Universal Render Pipeline/Particles/Lit': fallback shader 'Universal Render Pipeline/Particles/SimpleLit' not found
Refreshing native plugins compatible for Editor in 0.87 ms, found 2 plugins.
Preloading 0 native plugins for Editor in 0.00 ms.
Unloading 3173 Unused Serialized files (Serialized files now loaded: 0)
System memory in use before: 146.7 MB.
System memory in use after: 146.5 MB.

Unloading 16 unused Assets to reduce memory usage. Loaded Objects now: 3833.
Total: 2.780400 ms (FindLiveObjects: 0.290500 ms CreateObjectMapping: 0.123400 ms MarkObjects: 2.012200 ms  DeleteObjects: 0.353600 ms)

========================================================================
Received Prepare
Registering precompiled user dll's ...
Registered in 0.005367 seconds.
Begin MonoManager ReloadAssembly
Native extension for WindowsStandalone target not found
Refreshing native plugins compatible for Editor in 1.02 ms, found 2 plugins.
Preloading 0 native plugins for Editor in 0.00 ms.
Mono: successfully reloaded assembly
- Completed reload, in  1.051 seconds
Platform modules already initialized, skipping
Shader 'Universal Render Pipeline/Particles/Lit': fallback shader 'Universal Render Pipeline/Particles/SimpleLit' not found
Refreshing native plugins compatible for Editor in 1.52 ms, found 2 plugins.
Preloading 0 native plugins for Editor in 0.00 ms.
Unloading 3173 Unused Serialized files (Serialized files now loaded: 0)
System memory in use before: 146.7 MB.
System memory in use after: 146.6 MB.

Unloading 16 unused Assets to reduce memory usage. Loaded Objects now: 3836.
Total: 2.835300 ms (FindLiveObjects: 0.315500 ms CreateObjectMapping: 0.157900 ms MarkObjects: 1.951300 ms  DeleteObjects: 0.409600 ms)

========================================================================
Received Prepare
Registering precompiled user dll's ...
Registered in 0.004258 seconds.
Begin MonoManager ReloadAssembly
Native extension for WindowsStandalone target not found
Refreshing native plugins compatible for Editor in 0.84 ms, found 2 plugins.
Preloading 0 native plugins for Editor in 0.00 ms.
Mono: successfully reloaded assembly
- Completed reload, in  1.035 seconds
Platform modules already initialized, skipping
Shader 'Universal Render Pipeline/Particles/Lit': fallback shader 'Universal Render Pipeline/Particles/SimpleLit' not found
Refreshing native plugins compatible for Editor in 0.99 ms, found 2 plugins.
Preloading 0 native plugins for Editor in 0.00 ms.
Unloading 3173 Unused Serialized files (Serialized files now loaded: 0)
System memory in use before: 146.8 MB.
System memory in use after: 146.6 MB.

Unloading 16 unused Assets to reduce memory usage. Loaded Objects now: 3839.
Total: 2.619300 ms (FindLiveObjects: 0.294200 ms CreateObjectMapping: 0.143300 ms MarkObjects: 1.810100 ms  DeleteObjects: 0.370900 ms)

========================================================================
Received Prepare
Registering precompiled user dll's ...
Registered in 0.004448 seconds.
Begin MonoManager ReloadAssembly
Native extension for WindowsStandalone target not found
Refreshing native plugins compatible for Editor in 0.89 ms, found 2 plugins.
Preloading 0 native plugins for Editor in 0.00 ms.
Mono: successfully reloaded assembly
- Completed reload, in  0.971 seconds
Platform modules already initialized, skipping
Shader 'Universal Render Pipeline/Particles/Lit': fallback shader 'Universal Render Pipeline/Particles/SimpleLit' not found
Refreshing native plugins compatible for Editor in 0.88 ms, found 2 plugins.
Preloading 0 native plugins for Editor in 0.00 ms.
Unloading 3173 Unused Serialized files (Serialized files now loaded: 0)
System memory in use before: 146.8 MB.
System memory in use after: 146.6 MB.

Unloading 16 unused Assets to reduce memory usage. Loaded Objects now: 3842.
Total: 3.104700 ms (FindLiveObjects: 0.378200 ms CreateObjectMapping: 0.131600 ms MarkObjects: 2.220500 ms  DeleteObjects: 0.373800 ms)

========================================================================
Received Import Request.
  Time since last request: 1410.535359 seconds.
  path: Assets/Materials/Terrain/Mesh Mat.mat
  artifactKey: Guid(b0872f84cf3c7441d893168677410c73) Importer(815301076,1909f56bfc062723c751e8b465ee728b)
Start importing Assets/Materials/Terrain/Mesh Mat.mat using Guid(b0872f84cf3c7441d893168677410c73) Importer(815301076,1909f56bfc062723c751e8b465ee728b)  -> (artifact id: 'd4eb684b91acb0168d48da69171d1dc3') in 0.235599 seconds
  Import took 0.243305 seconds .

AssetImportWorkerClient::OnTransportError - code=2 error=End of file
