Using pre-set license
Built from '2020.3/staging' branch; Version is '2020.3.10f1 (297d780c91bc) revision 2719096'; Using compiler version '192528614'; Build Type 'Release'
OS: 'Windows 10 Pro; OS build 19042.1288; Version 2009; 64bit' Language: 'es' Physical Memory: 16329 MB
BatchMode: 1, IsHumanControllingUs: 0, StartBugReporterOnCrash: 0, Is64bit: 1, IsPro: 0

 COMMAND LINE ARGUMENTS:
C:\Program Files\Unity\Hub\Editor\2020.3.10f1\Editor\Unity.exe
-adb2
-batchMode
-noUpm
-name
AssetImportWorker0
-projectPath
D:/SmolsOffline/SmolsOffiline
-logFile
Logs/AssetImportWorker0.log
-srvPort
65456
Successfully changed project path to: D:/SmolsOffline/SmolsOffiline
D:/SmolsOffline/SmolsOffiline
Using Asset Import Pipeline V2.
Refreshing native plugins compatible for Editor in 83.79 ms, found 2 plugins.
Preloading 0 native plugins for Editor in 0.00 ms.
Initialize engine version: 2020.3.10f1 (297d780c91bc)
[Subsystems] Discovering subsystems at path C:/Program Files/Unity/Hub/Editor/2020.3.10f1/Editor/Data/Resources/UnitySubsystems
[Subsystems] Discovering subsystems at path D:/SmolsOffline/SmolsOffiline/Assets
GfxDevice: creating device client; threaded=0
Direct3D:
    Version:  Direct3D 11.0 [level 11.1]
    Renderer: NVIDIA GeForce GTX 1060 3GB (ID=0x1c02)
    Vendor:   
    VRAM:     2988 MB
    Driver:   30.0.14.7212
Shader 'Universal Render Pipeline/Particles/Lit': fallback shader 'Universal Render Pipeline/Particles/SimpleLit' not found
Initialize mono
Mono path[0] = 'C:/Program Files/Unity/Hub/Editor/2020.3.10f1/Editor/Data/Managed'
Mono path[1] = 'C:/Program Files/Unity/Hub/Editor/2020.3.10f1/Editor/Data/MonoBleedingEdge/lib/mono/unityjit'
Mono config path = 'C:/Program Files/Unity/Hub/Editor/2020.3.10f1/Editor/Data/MonoBleedingEdge/etc'
Using monoOptions --debugger-agent=transport=dt_socket,embedding=1,server=y,suspend=n,address=127.0.0.1:56084
Begin MonoManager ReloadAssembly
Registering precompiled unity dll's ...
Register platform support module: C:/Program Files/Unity/Hub/Editor/2020.3.10f1/Editor/Data/PlaybackEngines/WindowsStandaloneSupport/UnityEditor.WindowsStandalone.Extensions.dll
Registered in 0.004774 seconds.
Native extension for WindowsStandalone target not found
Refreshing native plugins compatible for Editor in 88.93 ms, found 2 plugins.
Preloading 0 native plugins for Editor in 0.00 ms.
Mono: successfully reloaded assembly
- Completed reload, in  1.167 seconds
Platform modules already initialized, skipping
Registering precompiled user dll's ...
Registered in 0.005067 seconds.
Begin MonoManager ReloadAssembly
Native extension for WindowsStandalone target not found
Refreshing native plugins compatible for Editor in 107.15 ms, found 2 plugins.
Preloading 0 native plugins for Editor in 0.00 ms.
Mono: successfully reloaded assembly
- Completed reload, in  1.366 seconds
Platform modules already initialized, skipping
========================================================================
Worker process is ready to serve import requests
Shader 'Universal Render Pipeline/Particles/Lit': fallback shader 'Universal Render Pipeline/Particles/SimpleLit' not found
Launched and connected shader compiler UnityShaderCompiler.exe after 0.06 seconds
Refreshing native plugins compatible for Editor in 1.54 ms, found 2 plugins.
Preloading 0 native plugins for Editor in 0.00 ms.
Unloading 3289 Unused Serialized files (Serialized files now loaded: 0)
System memory in use before: 160.7 MB.
System memory in use after: 160.8 MB.

Unloading 20 unused Assets to reduce memory usage. Loaded Objects now: 3752.
Total: 3.320600 ms (FindLiveObjects: 0.833200 ms CreateObjectMapping: 0.219000 ms MarkObjects: 2.164300 ms  DeleteObjects: 0.103100 ms)

========================================================================
Received Import Request.
  path: Assets/Scripts/ProceduralTerrain/EndlessTerrain.cs
  artifactKey: Guid(16ce6ecc4242344ccb4045ed364cbcc0) Importer(815301076,1909f56bfc062723c751e8b465ee728b)
Start importing Assets/Scripts/ProceduralTerrain/EndlessTerrain.cs using Guid(16ce6ecc4242344ccb4045ed364cbcc0) Importer(815301076,1909f56bfc062723c751e8b465ee728b)  -> (artifact id: 'b8c588dfc711c517b4355ba2ef41d423') in 0.037695 seconds
  Import took 0.043928 seconds .

========================================================================
Received Import Request.
  Time since last request: 29.222203 seconds.
  path: Assets/Scripts/ProceduralTerrain/EndlessTerrain.cs
  artifactKey: Guid(16ce6ecc4242344ccb4045ed364cbcc0) Importer(815301076,1909f56bfc062723c751e8b465ee728b)
Start importing Assets/Scripts/ProceduralTerrain/EndlessTerrain.cs using Guid(16ce6ecc4242344ccb4045ed364cbcc0) Importer(815301076,1909f56bfc062723c751e8b465ee728b)  -> (artifact id: '1a88234c68160d111f6f2381729067b7') in 0.003286 seconds
  Import took 0.009813 seconds .

========================================================================
Received Import Request.
  Time since last request: 0.002091 seconds.
  path: Assets/Scripts/ProceduralTerrain/EndlessTerrain.cs
  artifactKey: Guid(16ce6ecc4242344ccb4045ed364cbcc0) Importer(815301076,1909f56bfc062723c751e8b465ee728b)
Start importing Assets/Scripts/ProceduralTerrain/EndlessTerrain.cs using Guid(16ce6ecc4242344ccb4045ed364cbcc0) Importer(815301076,1909f56bfc062723c751e8b465ee728b)  -> (artifact id: '1a88234c68160d111f6f2381729067b7') in 0.002836 seconds
  Import took 0.009314 seconds .

========================================================================
Received Import Request.
  Time since last request: 245.887250 seconds.
  path: Assets/Scripts/ProceduralTerrain/EndlessTerrain.cs
  artifactKey: Guid(16ce6ecc4242344ccb4045ed364cbcc0) Importer(815301076,1909f56bfc062723c751e8b465ee728b)
Start importing Assets/Scripts/ProceduralTerrain/EndlessTerrain.cs using Guid(16ce6ecc4242344ccb4045ed364cbcc0) Importer(815301076,1909f56bfc062723c751e8b465ee728b)  -> (artifact id: '56573c7d80bd0c787f045bda0be245df') in 0.002879 seconds
  Import took 0.010054 seconds .

========================================================================
Received Import Request.
  Time since last request: 0.001408 seconds.
  path: Assets/Scripts/ProceduralTerrain/EndlessTerrain.cs
  artifactKey: Guid(16ce6ecc4242344ccb4045ed364cbcc0) Importer(815301076,1909f56bfc062723c751e8b465ee728b)
Start importing Assets/Scripts/ProceduralTerrain/EndlessTerrain.cs using Guid(16ce6ecc4242344ccb4045ed364cbcc0) Importer(815301076,1909f56bfc062723c751e8b465ee728b)  -> (artifact id: '56573c7d80bd0c787f045bda0be245df') in 0.003676 seconds
  Import took 0.011692 seconds .

========================================================================
Received Import Request.
  Time since last request: 6430.896150 seconds.
  path: Assets/Scripts/ProceduralTerrain/EndlessTerrain.cs
  artifactKey: Guid(16ce6ecc4242344ccb4045ed364cbcc0) Importer(815301076,1909f56bfc062723c751e8b465ee728b)
Start importing Assets/Scripts/ProceduralTerrain/EndlessTerrain.cs using Guid(16ce6ecc4242344ccb4045ed364cbcc0) Importer(815301076,1909f56bfc062723c751e8b465ee728b)  -> (artifact id: '18d47f9fee68a21511e8d3b8ca28acdc') in 0.012625 seconds
  Import took 0.058528 seconds .

========================================================================
Received Import Request.
  Time since last request: 0.000928 seconds.
  path: Assets/Scripts/ProceduralTerrain/EndlessTerrain.cs
  artifactKey: Guid(16ce6ecc4242344ccb4045ed364cbcc0) Importer(815301076,1909f56bfc062723c751e8b465ee728b)
Start importing Assets/Scripts/ProceduralTerrain/EndlessTerrain.cs using Guid(16ce6ecc4242344ccb4045ed364cbcc0) Importer(815301076,1909f56bfc062723c751e8b465ee728b)  -> (artifact id: '18d47f9fee68a21511e8d3b8ca28acdc') in 0.003986 seconds
  Import took 0.015429 seconds .

========================================================================
Received Import Request.
  Time since last request: 128.650641 seconds.
  path: Assets/Scripts/ProceduralTerrain/EndlessTerrain.cs
  artifactKey: Guid(16ce6ecc4242344ccb4045ed364cbcc0) Importer(815301076,1909f56bfc062723c751e8b465ee728b)
Start importing Assets/Scripts/ProceduralTerrain/EndlessTerrain.cs using Guid(16ce6ecc4242344ccb4045ed364cbcc0) Importer(815301076,1909f56bfc062723c751e8b465ee728b)  -> (artifact id: 'b6d3b4ee5fe2cd23e64b4f6d11339d22') in 0.003563 seconds
  Import took 0.011552 seconds .

========================================================================
Received Import Request.
  Time since last request: 33.608698 seconds.
  path: Assets/Scripts/ProceduralTerrain/EndlessTerrain.cs
  artifactKey: Guid(16ce6ecc4242344ccb4045ed364cbcc0) Importer(815301076,1909f56bfc062723c751e8b465ee728b)
Start importing Assets/Scripts/ProceduralTerrain/EndlessTerrain.cs using Guid(16ce6ecc4242344ccb4045ed364cbcc0) Importer(815301076,1909f56bfc062723c751e8b465ee728b)  -> (artifact id: '28f3d5b37cc87980f38c5dd9b93c857d') in 0.003370 seconds
  Import took 0.010023 seconds .

========================================================================
Received Import Request.
  Time since last request: 0.036524 seconds.
  path: Assets/Scripts/ProceduralTerrain/EndlessTerrain.cs
  artifactKey: Guid(16ce6ecc4242344ccb4045ed364cbcc0) Importer(815301076,1909f56bfc062723c751e8b465ee728b)
Start importing Assets/Scripts/ProceduralTerrain/EndlessTerrain.cs using Guid(16ce6ecc4242344ccb4045ed364cbcc0) Importer(815301076,1909f56bfc062723c751e8b465ee728b)  -> (artifact id: '28f3d5b37cc87980f38c5dd9b93c857d') in 0.003184 seconds
  Import took 0.012500 seconds .

========================================================================
Received Prepare
Registering precompiled user dll's ...
Registered in 0.227355 seconds.
Begin MonoManager ReloadAssembly
Native extension for WindowsStandalone target not found
Refreshing native plugins compatible for Editor in 0.91 ms, found 2 plugins.
Preloading 0 native plugins for Editor in 0.00 ms.
Mono: successfully reloaded assembly
- Completed reload, in  1.243 seconds
Platform modules already initialized, skipping
Shader 'Universal Render Pipeline/Particles/Lit': fallback shader 'Universal Render Pipeline/Particles/SimpleLit' not found
Refreshing native plugins compatible for Editor in 0.85 ms, found 2 plugins.
Preloading 0 native plugins for Editor in 0.00 ms.
Unloading 3166 Unused Serialized files (Serialized files now loaded: 0)
System memory in use before: 152.2 MB.
System memory in use after: 152.4 MB.

Unloading 15 unused Assets to reduce memory usage. Loaded Objects now: 3755.
Total: 3.127300 ms (FindLiveObjects: 0.417000 ms CreateObjectMapping: 0.154500 ms MarkObjects: 2.450000 ms  DeleteObjects: 0.104000 ms)

========================================================================
Received Prepare
Registering precompiled user dll's ...
Registered in 0.004570 seconds.
Begin MonoManager ReloadAssembly
Native extension for WindowsStandalone target not found
Refreshing native plugins compatible for Editor in 0.86 ms, found 2 plugins.
Preloading 0 native plugins for Editor in 0.00 ms.
Mono: successfully reloaded assembly
- Completed reload, in  1.076 seconds
Platform modules already initialized, skipping
Shader 'Universal Render Pipeline/Particles/Lit': fallback shader 'Universal Render Pipeline/Particles/SimpleLit' not found
Refreshing native plugins compatible for Editor in 0.86 ms, found 2 plugins.
Preloading 0 native plugins for Editor in 0.00 ms.
Unloading 3166 Unused Serialized files (Serialized files now loaded: 0)
System memory in use before: 152.3 MB.
System memory in use after: 152.5 MB.

Unloading 15 unused Assets to reduce memory usage. Loaded Objects now: 3758.
Total: 2.211100 ms (FindLiveObjects: 0.308100 ms CreateObjectMapping: 0.137500 ms MarkObjects: 1.702200 ms  DeleteObjects: 0.062400 ms)

========================================================================
Received Prepare
Registering precompiled user dll's ...
Registered in 0.004732 seconds.
Begin MonoManager ReloadAssembly
Native extension for WindowsStandalone target not found
Refreshing native plugins compatible for Editor in 0.93 ms, found 2 plugins.
Preloading 0 native plugins for Editor in 0.00 ms.
Mono: successfully reloaded assembly
- Completed reload, in  1.057 seconds
Platform modules already initialized, skipping
Shader 'Universal Render Pipeline/Particles/Lit': fallback shader 'Universal Render Pipeline/Particles/SimpleLit' not found
Refreshing native plugins compatible for Editor in 0.92 ms, found 2 plugins.
Preloading 0 native plugins for Editor in 0.00 ms.
Unloading 3166 Unused Serialized files (Serialized files now loaded: 0)
System memory in use before: 152.3 MB.
System memory in use after: 152.5 MB.

Unloading 15 unused Assets to reduce memory usage. Loaded Objects now: 3761.
Total: 4.163600 ms (FindLiveObjects: 0.328600 ms CreateObjectMapping: 0.238700 ms MarkObjects: 3.515200 ms  DeleteObjects: 0.079700 ms)

========================================================================
Received Prepare
Registering precompiled user dll's ...
Registered in 0.004838 seconds.
Begin MonoManager ReloadAssembly
Native extension for WindowsStandalone target not found
Refreshing native plugins compatible for Editor in 0.90 ms, found 2 plugins.
Preloading 0 native plugins for Editor in 0.00 ms.
Mono: successfully reloaded assembly
- Completed reload, in  1.228 seconds
Platform modules already initialized, skipping
Shader 'Universal Render Pipeline/Particles/Lit': fallback shader 'Universal Render Pipeline/Particles/SimpleLit' not found
Refreshing native plugins compatible for Editor in 0.97 ms, found 2 plugins.
Preloading 0 native plugins for Editor in 0.00 ms.
Unloading 3166 Unused Serialized files (Serialized files now loaded: 0)
System memory in use before: 152.3 MB.
System memory in use after: 152.5 MB.

Unloading 15 unused Assets to reduce memory usage. Loaded Objects now: 3764.
Total: 4.761500 ms (FindLiveObjects: 0.310600 ms CreateObjectMapping: 0.145400 ms MarkObjects: 4.230300 ms  DeleteObjects: 0.074000 ms)

========================================================================
Received Prepare
Registering precompiled user dll's ...
Registered in 0.006418 seconds.
Begin MonoManager ReloadAssembly
Native extension for WindowsStandalone target not found
Refreshing native plugins compatible for Editor in 0.92 ms, found 2 plugins.
Preloading 0 native plugins for Editor in 0.00 ms.
Mono: successfully reloaded assembly
- Completed reload, in  1.038 seconds
Platform modules already initialized, skipping
Shader 'Universal Render Pipeline/Particles/Lit': fallback shader 'Universal Render Pipeline/Particles/SimpleLit' not found
Refreshing native plugins compatible for Editor in 0.94 ms, found 2 plugins.
Preloading 0 native plugins for Editor in 0.00 ms.
Unloading 3166 Unused Serialized files (Serialized files now loaded: 0)
System memory in use before: 152.3 MB.
System memory in use after: 152.5 MB.

Unloading 15 unused Assets to reduce memory usage. Loaded Objects now: 3767.
Total: 3.087300 ms (FindLiveObjects: 0.416800 ms CreateObjectMapping: 0.167500 ms MarkObjects: 2.426900 ms  DeleteObjects: 0.074800 ms)

========================================================================
Received Prepare
Registering precompiled user dll's ...
Registered in 0.004474 seconds.
Begin MonoManager ReloadAssembly
Native extension for WindowsStandalone target not found
Refreshing native plugins compatible for Editor in 1.14 ms, found 2 plugins.
Preloading 0 native plugins for Editor in 0.00 ms.
Mono: successfully reloaded assembly
- Completed reload, in  1.322 seconds
Platform modules already initialized, skipping
Shader 'Universal Render Pipeline/Particles/Lit': fallback shader 'Universal Render Pipeline/Particles/SimpleLit' not found
Refreshing native plugins compatible for Editor in 0.83 ms, found 2 plugins.
Preloading 0 native plugins for Editor in 0.00 ms.
Unloading 3166 Unused Serialized files (Serialized files now loaded: 0)
System memory in use before: 152.3 MB.
System memory in use after: 152.5 MB.

Unloading 15 unused Assets to reduce memory usage. Loaded Objects now: 3770.
Total: 2.726000 ms (FindLiveObjects: 0.320900 ms CreateObjectMapping: 0.136000 ms MarkObjects: 2.204000 ms  DeleteObjects: 0.064300 ms)

========================================================================
Received Prepare
Registering precompiled user dll's ...
Registered in 0.059953 seconds.
Begin MonoManager ReloadAssembly
Native extension for WindowsStandalone target not found
Refreshing native plugins compatible for Editor in 0.90 ms, found 2 plugins.
Preloading 0 native plugins for Editor in 0.00 ms.
Mono: successfully reloaded assembly
- Completed reload, in  1.002 seconds
Platform modules already initialized, skipping
Shader 'Universal Render Pipeline/Particles/Lit': fallback shader 'Universal Render Pipeline/Particles/SimpleLit' not found
Refreshing native plugins compatible for Editor in 0.86 ms, found 2 plugins.
Preloading 0 native plugins for Editor in 0.00 ms.
Unloading 3166 Unused Serialized files (Serialized files now loaded: 0)
System memory in use before: 152.3 MB.
System memory in use after: 152.5 MB.

Unloading 15 unused Assets to reduce memory usage. Loaded Objects now: 3773.
Total: 3.227400 ms (FindLiveObjects: 0.817300 ms CreateObjectMapping: 0.413000 ms MarkObjects: 1.927100 ms  DeleteObjects: 0.068800 ms)

========================================================================
Received Prepare
Registering precompiled user dll's ...
Registered in 0.004799 seconds.
Begin MonoManager ReloadAssembly
Native extension for WindowsStandalone target not found
Refreshing native plugins compatible for Editor in 1.15 ms, found 2 plugins.
Preloading 0 native plugins for Editor in 0.00 ms.
Mono: successfully reloaded assembly
- Completed reload, in  1.008 seconds
Platform modules already initialized, skipping
Shader 'Universal Render Pipeline/Particles/Lit': fallback shader 'Universal Render Pipeline/Particles/SimpleLit' not found
Refreshing native plugins compatible for Editor in 1.05 ms, found 2 plugins.
Preloading 0 native plugins for Editor in 0.00 ms.
Unloading 3166 Unused Serialized files (Serialized files now loaded: 0)
System memory in use before: 152.3 MB.
System memory in use after: 152.5 MB.

Unloading 15 unused Assets to reduce memory usage. Loaded Objects now: 3776.
Total: 3.253200 ms (FindLiveObjects: 0.328600 ms CreateObjectMapping: 0.191200 ms MarkObjects: 2.658300 ms  DeleteObjects: 0.073900 ms)

========================================================================
Received Prepare
Registering precompiled user dll's ...
Registered in 0.004645 seconds.
Begin MonoManager ReloadAssembly
Native extension for WindowsStandalone target not found
Refreshing native plugins compatible for Editor in 1.45 ms, found 2 plugins.
Preloading 0 native plugins for Editor in 0.00 ms.
Mono: successfully reloaded assembly
- Completed reload, in  1.199 seconds
Platform modules already initialized, skipping
Shader 'Universal Render Pipeline/Particles/Lit': fallback shader 'Universal Render Pipeline/Particles/SimpleLit' not found
Refreshing native plugins compatible for Editor in 0.85 ms, found 2 plugins.
Preloading 0 native plugins for Editor in 0.00 ms.
Unloading 3166 Unused Serialized files (Serialized files now loaded: 0)
System memory in use before: 152.3 MB.
System memory in use after: 152.6 MB.

Unloading 15 unused Assets to reduce memory usage. Loaded Objects now: 3779.
Total: 3.536500 ms (FindLiveObjects: 0.984400 ms CreateObjectMapping: 0.302100 ms MarkObjects: 2.178200 ms  DeleteObjects: 0.069300 ms)

========================================================================
Received Prepare
Registering precompiled user dll's ...
Registered in 0.103818 seconds.
Begin MonoManager ReloadAssembly
Native extension for WindowsStandalone target not found
Refreshing native plugins compatible for Editor in 0.91 ms, found 2 plugins.
Preloading 0 native plugins for Editor in 0.00 ms.
Mono: successfully reloaded assembly
- Completed reload, in  0.994 seconds
Platform modules already initialized, skipping
Shader 'Universal Render Pipeline/Particles/Lit': fallback shader 'Universal Render Pipeline/Particles/SimpleLit' not found
Refreshing native plugins compatible for Editor in 0.87 ms, found 2 plugins.
Preloading 0 native plugins for Editor in 0.00 ms.
Unloading 3166 Unused Serialized files (Serialized files now loaded: 0)
System memory in use before: 152.4 MB.
System memory in use after: 152.6 MB.

Unloading 15 unused Assets to reduce memory usage. Loaded Objects now: 3782.
Total: 2.517800 ms (FindLiveObjects: 0.342600 ms CreateObjectMapping: 0.140500 ms MarkObjects: 1.972400 ms  DeleteObjects: 0.061300 ms)

========================================================================
Received Prepare
Registering precompiled user dll's ...
Registered in 0.004878 seconds.
Begin MonoManager ReloadAssembly
Native extension for WindowsStandalone target not found
Refreshing native plugins compatible for Editor in 1.92 ms, found 2 plugins.
Preloading 0 native plugins for Editor in 0.00 ms.
Mono: successfully reloaded assembly
- Completed reload, in  1.299 seconds
Platform modules already initialized, skipping
Shader 'Universal Render Pipeline/Particles/Lit': fallback shader 'Universal Render Pipeline/Particles/SimpleLit' not found
Refreshing native plugins compatible for Editor in 1.36 ms, found 2 plugins.
Preloading 0 native plugins for Editor in 0.00 ms.
Unloading 3166 Unused Serialized files (Serialized files now loaded: 0)
System memory in use before: 152.4 MB.
System memory in use after: 152.6 MB.

Unloading 15 unused Assets to reduce memory usage. Loaded Objects now: 3785.
Total: 5.697200 ms (FindLiveObjects: 0.595100 ms CreateObjectMapping: 0.599800 ms MarkObjects: 4.381200 ms  DeleteObjects: 0.119600 ms)

========================================================================
Received Import Request.
  Time since last request: 2400.411480 seconds.
  path: Assets/Materials/ProceduralTerrain/Mesh_mat.mat
  artifactKey: Guid(b0872f84cf3c7441d893168677410c73) Importer(815301076,1909f56bfc062723c751e8b465ee728b)
Start importing Assets/Materials/ProceduralTerrain/Mesh_mat.mat using Guid(b0872f84cf3c7441d893168677410c73) Importer(815301076,1909f56bfc062723c751e8b465ee728b)  -> (artifact id: '59116cc402040e92d4ff7a5f709d7794') in 0.269983 seconds
  Import took 0.276712 seconds .

========================================================================
Received Import Request.
  Time since last request: 0.000291 seconds.
  path: Assets/Materials/ProceduralTerrain/New Material.mat
  artifactKey: Guid(b4b4f38fb2bcb894ca7f42d196a11962) Importer(815301076,1909f56bfc062723c751e8b465ee728b)
Start importing Assets/Materials/ProceduralTerrain/New Material.mat using Guid(b4b4f38fb2bcb894ca7f42d196a11962) Importer(815301076,1909f56bfc062723c751e8b465ee728b)  -> (artifact id: 'a8cc5958833fe07e203a3d2e9174ba2a') in 0.009932 seconds
  Import took 0.016234 seconds .

========================================================================
Received Import Request.
  Time since last request: 710.494545 seconds.
  path: Assets/Materials/ProceduralTerrain/Mesh_matold.mat
  artifactKey: Guid(b0872f84cf3c7441d893168677410c73) Importer(815301076,1909f56bfc062723c751e8b465ee728b)
Start importing Assets/Materials/ProceduralTerrain/Mesh_matold.mat using Guid(b0872f84cf3c7441d893168677410c73) Importer(815301076,1909f56bfc062723c751e8b465ee728b)  -> (artifact id: '5b2163ff2421bd2a27a9fc61ab66a382') in 0.042345 seconds
  Import took 0.048819 seconds .

========================================================================
Received Import Request.
  Time since last request: 4.207592 seconds.
  path: Assets/Materials/ProceduralTerrain/New Material.mat
  artifactKey: Guid(b4b4f38fb2bcb894ca7f42d196a11962) Importer(815301076,1909f56bfc062723c751e8b465ee728b)
Start importing Assets/Materials/ProceduralTerrain/New Material.mat using Guid(b4b4f38fb2bcb894ca7f42d196a11962) Importer(815301076,1909f56bfc062723c751e8b465ee728b)  -> (artifact id: '06d3a79b06550d5f7a3aa1e408fd7294') in 0.015223 seconds
  Import took 0.023621 seconds .

========================================================================
Received Import Request.
  Time since last request: 22.447889 seconds.
  path: Assets/Materials/ProceduralTerrain/Mesh_mat.mat
  artifactKey: Guid(5b0b67e25b16cda4997cf0bedb941d6a) Importer(815301076,1909f56bfc062723c751e8b465ee728b)
Start importing Assets/Materials/ProceduralTerrain/Mesh_mat.mat using Guid(5b0b67e25b16cda4997cf0bedb941d6a) Importer(815301076,1909f56bfc062723c751e8b465ee728b)  -> (artifact id: 'c8badf923b3bdf9d2065bb44676f23e5') in 0.019068 seconds
  Import took 0.025068 seconds .

========================================================================
Received Import Request.
  Time since last request: 237.957636 seconds.
  path: Assets/Scripts/ProceduralTerrain/MapDisplay.cs
  artifactKey: Guid(4aeb0f3a8e031433495f2ddd66acbef4) Importer(815301076,1909f56bfc062723c751e8b465ee728b)
Start importing Assets/Scripts/ProceduralTerrain/MapDisplay.cs using Guid(4aeb0f3a8e031433495f2ddd66acbef4) Importer(815301076,1909f56bfc062723c751e8b465ee728b)  -> (artifact id: '3e645d16ecf1e04c1f04e47fb0b8a7af') in 0.008524 seconds
  Import took 0.018455 seconds .

========================================================================
Received Import Request.
  Time since last request: 0.000786 seconds.
  path: Assets/Scripts/ProceduralTerrain/MapDisplay.cs
  artifactKey: Guid(4aeb0f3a8e031433495f2ddd66acbef4) Importer(815301076,1909f56bfc062723c751e8b465ee728b)
Start importing Assets/Scripts/ProceduralTerrain/MapDisplay.cs using Guid(4aeb0f3a8e031433495f2ddd66acbef4) Importer(815301076,1909f56bfc062723c751e8b465ee728b)  -> (artifact id: '3e645d16ecf1e04c1f04e47fb0b8a7af') in 0.002609 seconds
  Import took 0.008559 seconds .

========================================================================
Received Prepare
Registering precompiled user dll's ...
Registered in 0.051801 seconds.
Begin MonoManager ReloadAssembly
Native extension for WindowsStandalone target not found
Refreshing native plugins compatible for Editor in 1.00 ms, found 2 plugins.
Preloading 0 native plugins for Editor in 0.00 ms.
Mono: successfully reloaded assembly
- Completed reload, in  1.457 seconds
Platform modules already initialized, skipping
Shader 'Universal Render Pipeline/Particles/Lit': fallback shader 'Universal Render Pipeline/Particles/SimpleLit' not found
Refreshing native plugins compatible for Editor in 1.75 ms, found 2 plugins.
Preloading 0 native plugins for Editor in 0.00 ms.
Unloading 3166 Unused Serialized files (Serialized files now loaded: 0)
System memory in use before: 157.8 MB.
System memory in use after: 158.0 MB.

Unloading 15 unused Assets to reduce memory usage. Loaded Objects now: 3866.
Total: 5.980200 ms (FindLiveObjects: 1.793100 ms CreateObjectMapping: 0.432500 ms MarkObjects: 3.629200 ms  DeleteObjects: 0.123100 ms)

========================================================================
Received Import Request.
  Time since last request: 111.576018 seconds.
  path: Assets/Scripts/ProceduralTerrain/MapDisplay.cs
  artifactKey: Guid(4aeb0f3a8e031433495f2ddd66acbef4) Importer(815301076,1909f56bfc062723c751e8b465ee728b)
Start importing Assets/Scripts/ProceduralTerrain/MapDisplay.cs using Guid(4aeb0f3a8e031433495f2ddd66acbef4) Importer(815301076,1909f56bfc062723c751e8b465ee728b)  -> (artifact id: '4c1b2c783bb228a9be24374bff924657') in 0.015880 seconds
  Import took 0.025744 seconds .

========================================================================
Received Prepare
Registering precompiled user dll's ...
Registered in 0.125456 seconds.
Begin MonoManager ReloadAssembly
Native extension for WindowsStandalone target not found
Refreshing native plugins compatible for Editor in 1.15 ms, found 2 plugins.
Preloading 0 native plugins for Editor in 0.00 ms.
Mono: successfully reloaded assembly
- Completed reload, in  1.028 seconds
Platform modules already initialized, skipping
Shader 'Universal Render Pipeline/Particles/Lit': fallback shader 'Universal Render Pipeline/Particles/SimpleLit' not found
Refreshing native plugins compatible for Editor in 1.16 ms, found 2 plugins.
Preloading 0 native plugins for Editor in 0.00 ms.
Unloading 3166 Unused Serialized files (Serialized files now loaded: 0)
System memory in use before: 157.8 MB.
System memory in use after: 158.0 MB.

Unloading 15 unused Assets to reduce memory usage. Loaded Objects now: 3869.
Total: 4.020600 ms (FindLiveObjects: 0.513600 ms CreateObjectMapping: 0.349100 ms MarkObjects: 3.074500 ms  DeleteObjects: 0.082200 ms)

========================================================================
Received Prepare
Registering precompiled user dll's ...
Registered in 0.004476 seconds.
Begin MonoManager ReloadAssembly
Native extension for WindowsStandalone target not found
Refreshing native plugins compatible for Editor in 0.92 ms, found 2 plugins.
Preloading 0 native plugins for Editor in 0.00 ms.
Mono: successfully reloaded assembly
- Completed reload, in  1.133 seconds
Platform modules already initialized, skipping
Shader 'Universal Render Pipeline/Particles/Lit': fallback shader 'Universal Render Pipeline/Particles/SimpleLit' not found
Refreshing native plugins compatible for Editor in 0.94 ms, found 2 plugins.
Preloading 0 native plugins for Editor in 0.00 ms.
Unloading 3166 Unused Serialized files (Serialized files now loaded: 0)
System memory in use before: 157.8 MB.
System memory in use after: 158.1 MB.

Unloading 15 unused Assets to reduce memory usage. Loaded Objects now: 3872.
Total: 3.940400 ms (FindLiveObjects: 0.542400 ms CreateObjectMapping: 0.255100 ms MarkObjects: 3.070400 ms  DeleteObjects: 0.070400 ms)

========================================================================
Received Prepare
Registering precompiled user dll's ...
Registered in 0.004618 seconds.
Begin MonoManager ReloadAssembly
Native extension for WindowsStandalone target not found
Refreshing native plugins compatible for Editor in 0.89 ms, found 2 plugins.
Preloading 0 native plugins for Editor in 0.00 ms.
Mono: successfully reloaded assembly
- Completed reload, in  1.187 seconds
Platform modules already initialized, skipping
Shader 'Universal Render Pipeline/Particles/Lit': fallback shader 'Universal Render Pipeline/Particles/SimpleLit' not found
Refreshing native plugins compatible for Editor in 1.11 ms, found 2 plugins.
Preloading 0 native plugins for Editor in 0.00 ms.
Unloading 3166 Unused Serialized files (Serialized files now loaded: 0)
System memory in use before: 157.8 MB.
System memory in use after: 158.1 MB.

Unloading 15 unused Assets to reduce memory usage. Loaded Objects now: 3875.
Total: 2.415600 ms (FindLiveObjects: 0.336500 ms CreateObjectMapping: 0.152100 ms MarkObjects: 1.850600 ms  DeleteObjects: 0.075400 ms)

========================================================================
Received Prepare
Registering precompiled user dll's ...
Registered in 0.187940 seconds.
Begin MonoManager ReloadAssembly
Native extension for WindowsStandalone target not found
Refreshing native plugins compatible for Editor in 1.70 ms, found 2 plugins.
Preloading 0 native plugins for Editor in 0.00 ms.
Mono: successfully reloaded assembly
- Completed reload, in  1.221 seconds
Platform modules already initialized, skipping
Shader 'Universal Render Pipeline/Particles/Lit': fallback shader 'Universal Render Pipeline/Particles/SimpleLit' not found
Refreshing native plugins compatible for Editor in 1.26 ms, found 2 plugins.
Preloading 0 native plugins for Editor in 0.00 ms.
Unloading 3166 Unused Serialized files (Serialized files now loaded: 0)
System memory in use before: 157.9 MB.
System memory in use after: 158.1 MB.

Unloading 15 unused Assets to reduce memory usage. Loaded Objects now: 3878.
Total: 4.276700 ms (FindLiveObjects: 0.464800 ms CreateObjectMapping: 0.196100 ms MarkObjects: 3.365200 ms  DeleteObjects: 0.248500 ms)

========================================================================
Received Import Request.
  Time since last request: 1177.252571 seconds.
  path: Assets/Materials/ProceduralTerrain/Mesh_mat.mat
  artifactKey: Guid(5b0b67e25b16cda4997cf0bedb941d6a) Importer(815301076,1909f56bfc062723c751e8b465ee728b)
Start importing Assets/Materials/ProceduralTerrain/Mesh_mat.mat using Guid(5b0b67e25b16cda4997cf0bedb941d6a) Importer(815301076,1909f56bfc062723c751e8b465ee728b)  -> (artifact id: 'bce99cddb92320dffe7bcc929af52315') in 0.267152 seconds
  Import took 0.274161 seconds .

========================================================================
Received Prepare
Registering precompiled user dll's ...
Registered in 1.116482 seconds.
Begin MonoManager ReloadAssembly
Native extension for WindowsStandalone target not found
Refreshing native plugins compatible for Editor in 0.85 ms, found 2 plugins.
Preloading 0 native plugins for Editor in 0.00 ms.
Mono: successfully reloaded assembly
- Completed reload, in  1.883 seconds
Platform modules already initialized, skipping
Shader 'Universal Render Pipeline/Particles/Lit': fallback shader 'Universal Render Pipeline/Particles/SimpleLit' not found
Refreshing native plugins compatible for Editor in 2.11 ms, found 2 plugins.
Preloading 0 native plugins for Editor in 0.00 ms.
Unloading 3166 Unused Serialized files (Serialized files now loaded: 0)
System memory in use before: 158.0 MB.
System memory in use after: 158.2 MB.

Unloading 15 unused Assets to reduce memory usage. Loaded Objects now: 3917.
Total: 2.429900 ms (FindLiveObjects: 0.339500 ms CreateObjectMapping: 0.153000 ms MarkObjects: 1.868800 ms  DeleteObjects: 0.067600 ms)

========================================================================
Received Prepare
Registering precompiled user dll's ...
Registered in 0.070998 seconds.
Begin MonoManager ReloadAssembly
Native extension for WindowsStandalone target not found
Refreshing native plugins compatible for Editor in 1.32 ms, found 2 plugins.
Preloading 0 native plugins for Editor in 0.00 ms.
Mono: successfully reloaded assembly
- Completed reload, in  1.851 seconds
Platform modules already initialized, skipping
Shader 'Universal Render Pipeline/Particles/Lit': fallback shader 'Universal Render Pipeline/Particles/SimpleLit' not found
Refreshing native plugins compatible for Editor in 1.21 ms, found 2 plugins.
Preloading 0 native plugins for Editor in 0.00 ms.
Unloading 3166 Unused Serialized files (Serialized files now loaded: 0)
System memory in use before: 158.0 MB.
System memory in use after: 158.2 MB.

Unloading 15 unused Assets to reduce memory usage. Loaded Objects now: 3920.
Total: 4.369900 ms (FindLiveObjects: 0.891900 ms CreateObjectMapping: 0.275400 ms MarkObjects: 3.125900 ms  DeleteObjects: 0.074500 ms)

========================================================================
Received Prepare
Registering precompiled user dll's ...
Registered in 0.004448 seconds.
Begin MonoManager ReloadAssembly
Native extension for WindowsStandalone target not found
Refreshing native plugins compatible for Editor in 0.86 ms, found 2 plugins.
Preloading 0 native plugins for Editor in 0.00 ms.
Mono: successfully reloaded assembly
- Completed reload, in  1.334 seconds
Platform modules already initialized, skipping
Shader 'Universal Render Pipeline/Particles/Lit': fallback shader 'Universal Render Pipeline/Particles/SimpleLit' not found
Refreshing native plugins compatible for Editor in 1.08 ms, found 2 plugins.
Preloading 0 native plugins for Editor in 0.00 ms.
Unloading 3166 Unused Serialized files (Serialized files now loaded: 0)
System memory in use before: 158.0 MB.
System memory in use after: 158.2 MB.

Unloading 15 unused Assets to reduce memory usage. Loaded Objects now: 3923.
Total: 4.956200 ms (FindLiveObjects: 0.312200 ms CreateObjectMapping: 0.151700 ms MarkObjects: 4.414200 ms  DeleteObjects: 0.076800 ms)

========================================================================
Received Prepare
Registering precompiled user dll's ...
Registered in 0.004656 seconds.
Begin MonoManager ReloadAssembly
Native extension for WindowsStandalone target not found
Refreshing native plugins compatible for Editor in 1.36 ms, found 2 plugins.
Preloading 0 native plugins for Editor in 0.00 ms.
Mono: successfully reloaded assembly
- Completed reload, in  1.076 seconds
Platform modules already initialized, skipping
Shader 'Universal Render Pipeline/Particles/Lit': fallback shader 'Universal Render Pipeline/Particles/SimpleLit' not found
Refreshing native plugins compatible for Editor in 1.85 ms, found 2 plugins.
Preloading 0 native plugins for Editor in 0.00 ms.
Unloading 3166 Unused Serialized files (Serialized files now loaded: 0)
System memory in use before: 158.0 MB.
System memory in use after: 158.3 MB.

Unloading 15 unused Assets to reduce memory usage. Loaded Objects now: 3926.
Total: 3.868500 ms (FindLiveObjects: 0.553000 ms CreateObjectMapping: 0.466700 ms MarkObjects: 2.780300 ms  DeleteObjects: 0.067500 ms)

========================================================================
Received Prepare
Registering precompiled user dll's ...
Registered in 0.006483 seconds.
Begin MonoManager ReloadAssembly
Native extension for WindowsStandalone target not found
Refreshing native plugins compatible for Editor in 1.48 ms, found 2 plugins.
Preloading 0 native plugins for Editor in 0.00 ms.
Mono: successfully reloaded assembly
- Completed reload, in  1.693 seconds
Platform modules already initialized, skipping
Shader 'Universal Render Pipeline/Particles/Lit': fallback shader 'Universal Render Pipeline/Particles/SimpleLit' not found
Refreshing native plugins compatible for Editor in 2.07 ms, found 2 plugins.
Preloading 0 native plugins for Editor in 0.00 ms.
Unloading 3166 Unused Serialized files (Serialized files now loaded: 0)
System memory in use before: 158.0 MB.
System memory in use after: 158.3 MB.

Unloading 15 unused Assets to reduce memory usage. Loaded Objects now: 3929.
Total: 4.070500 ms (FindLiveObjects: 0.504800 ms CreateObjectMapping: 0.185300 ms MarkObjects: 3.180600 ms  DeleteObjects: 0.197900 ms)

========================================================================
Received Prepare
Registering precompiled user dll's ...
Registered in 0.072365 seconds.
Begin MonoManager ReloadAssembly
Native extension for WindowsStandalone target not found
Refreshing native plugins compatible for Editor in 1.04 ms, found 2 plugins.
Preloading 0 native plugins for Editor in 0.00 ms.
Mono: successfully reloaded assembly
- Completed reload, in  1.369 seconds
Platform modules already initialized, skipping
Shader 'Universal Render Pipeline/Particles/Lit': fallback shader 'Universal Render Pipeline/Particles/SimpleLit' not found
Refreshing native plugins compatible for Editor in 2.36 ms, found 2 plugins.
Preloading 0 native plugins for Editor in 0.00 ms.
Unloading 3166 Unused Serialized files (Serialized files now loaded: 0)
System memory in use before: 158.1 MB.
System memory in use after: 158.3 MB.

Unloading 15 unused Assets to reduce memory usage. Loaded Objects now: 3932.
Total: 3.060500 ms (FindLiveObjects: 0.549000 ms CreateObjectMapping: 0.221900 ms MarkObjects: 2.217900 ms  DeleteObjects: 0.070800 ms)

========================================================================
Received Prepare
Registering precompiled user dll's ...
Registered in 0.004562 seconds.
Begin MonoManager ReloadAssembly
Native extension for WindowsStandalone target not found
Refreshing native plugins compatible for Editor in 5.43 ms, found 2 plugins.
Preloading 0 native plugins for Editor in 0.00 ms.
Mono: successfully reloaded assembly
- Completed reload, in  1.433 seconds
Platform modules already initialized, skipping
Shader 'Universal Render Pipeline/Particles/Lit': fallback shader 'Universal Render Pipeline/Particles/SimpleLit' not found
Refreshing native plugins compatible for Editor in 1.65 ms, found 2 plugins.
Preloading 0 native plugins for Editor in 0.00 ms.
Unloading 3166 Unused Serialized files (Serialized files now loaded: 0)
System memory in use before: 158.1 MB.
System memory in use after: 158.3 MB.

Unloading 15 unused Assets to reduce memory usage. Loaded Objects now: 3935.
Total: 4.148200 ms (FindLiveObjects: 0.427200 ms CreateObjectMapping: 0.252700 ms MarkObjects: 3.396700 ms  DeleteObjects: 0.070500 ms)

========================================================================
Received Prepare
Registering precompiled user dll's ...
Registered in 0.004886 seconds.
Begin MonoManager ReloadAssembly
Native extension for WindowsStandalone target not found
Refreshing native plugins compatible for Editor in 4.23 ms, found 2 plugins.
Preloading 0 native plugins for Editor in 0.00 ms.
Mono: successfully reloaded assembly
- Completed reload, in  1.351 seconds
Platform modules already initialized, skipping
Shader 'Universal Render Pipeline/Particles/Lit': fallback shader 'Universal Render Pipeline/Particles/SimpleLit' not found
Refreshing native plugins compatible for Editor in 4.41 ms, found 2 plugins.
Preloading 0 native plugins for Editor in 0.00 ms.
Unloading 3166 Unused Serialized files (Serialized files now loaded: 0)
System memory in use before: 158.1 MB.
System memory in use after: 158.3 MB.

Unloading 15 unused Assets to reduce memory usage. Loaded Objects now: 3938.
Total: 3.157900 ms (FindLiveObjects: 0.531300 ms CreateObjectMapping: 0.232300 ms MarkObjects: 2.320400 ms  DeleteObjects: 0.072200 ms)

========================================================================
Received Prepare
Registering precompiled user dll's ...
Registered in 0.004738 seconds.
Begin MonoManager ReloadAssembly
Native extension for WindowsStandalone target not found
Refreshing native plugins compatible for Editor in 2.47 ms, found 2 plugins.
Preloading 0 native plugins for Editor in 0.00 ms.
Mono: successfully reloaded assembly
- Completed reload, in  1.174 seconds
Platform modules already initialized, skipping
Shader 'Universal Render Pipeline/Particles/Lit': fallback shader 'Universal Render Pipeline/Particles/SimpleLit' not found
Refreshing native plugins compatible for Editor in 1.02 ms, found 2 plugins.
Preloading 0 native plugins for Editor in 0.00 ms.
Unloading 3166 Unused Serialized files (Serialized files now loaded: 0)
System memory in use before: 158.1 MB.
System memory in use after: 158.3 MB.

Unloading 15 unused Assets to reduce memory usage. Loaded Objects now: 3941.
Total: 3.667800 ms (FindLiveObjects: 0.327700 ms CreateObjectMapping: 0.148100 ms MarkObjects: 2.988100 ms  DeleteObjects: 0.202300 ms)

========================================================================
Received Prepare
Registering precompiled user dll's ...
Registered in 0.008157 seconds.
Begin MonoManager ReloadAssembly
Native extension for WindowsStandalone target not found
Refreshing native plugins compatible for Editor in 1.14 ms, found 2 plugins.
Preloading 0 native plugins for Editor in 0.00 ms.
Mono: successfully reloaded assembly
- Completed reload, in  1.639 seconds
Platform modules already initialized, skipping
Shader 'Universal Render Pipeline/Particles/Lit': fallback shader 'Universal Render Pipeline/Particles/SimpleLit' not found
Refreshing native plugins compatible for Editor in 1.76 ms, found 2 plugins.
Preloading 0 native plugins for Editor in 0.00 ms.
Unloading 3166 Unused Serialized files (Serialized files now loaded: 0)
System memory in use before: 158.1 MB.
System memory in use after: 158.3 MB.

Unloading 15 unused Assets to reduce memory usage. Loaded Objects now: 3944.
Total: 4.675400 ms (FindLiveObjects: 0.424900 ms CreateObjectMapping: 0.248900 ms MarkObjects: 3.763600 ms  DeleteObjects: 0.235600 ms)

========================================================================
Received Prepare
Registering precompiled user dll's ...
Registered in 0.007004 seconds.
Begin MonoManager ReloadAssembly
Native extension for WindowsStandalone target not found
Refreshing native plugins compatible for Editor in 1.84 ms, found 2 plugins.
Preloading 0 native plugins for Editor in 0.00 ms.
Mono: successfully reloaded assembly
- Completed reload, in  1.261 seconds
Platform modules already initialized, skipping
Shader 'Universal Render Pipeline/Particles/Lit': fallback shader 'Universal Render Pipeline/Particles/SimpleLit' not found
Refreshing native plugins compatible for Editor in 1.11 ms, found 2 plugins.
Preloading 0 native plugins for Editor in 0.00 ms.
Unloading 3166 Unused Serialized files (Serialized files now loaded: 0)
System memory in use before: 158.1 MB.
System memory in use after: 158.3 MB.

Unloading 15 unused Assets to reduce memory usage. Loaded Objects now: 3947.
Total: 2.639900 ms (FindLiveObjects: 0.374500 ms CreateObjectMapping: 0.167500 ms MarkObjects: 2.026900 ms  DeleteObjects: 0.069800 ms)

========================================================================
Received Prepare
Registering precompiled user dll's ...
Registered in 0.010649 seconds.
Begin MonoManager ReloadAssembly
Native extension for WindowsStandalone target not found
Refreshing native plugins compatible for Editor in 2.91 ms, found 2 plugins.
Preloading 0 native plugins for Editor in 0.00 ms.
Mono: successfully reloaded assembly
- Completed reload, in  1.760 seconds
Platform modules already initialized, skipping
Shader 'Universal Render Pipeline/Particles/Lit': fallback shader 'Universal Render Pipeline/Particles/SimpleLit' not found
Refreshing native plugins compatible for Editor in 2.88 ms, found 2 plugins.
Preloading 0 native plugins for Editor in 0.00 ms.
Unloading 3166 Unused Serialized files (Serialized files now loaded: 0)
System memory in use before: 158.1 MB.
System memory in use after: 158.3 MB.

Unloading 15 unused Assets to reduce memory usage. Loaded Objects now: 3950.
Total: 2.820300 ms (FindLiveObjects: 0.504300 ms CreateObjectMapping: 0.201900 ms MarkObjects: 2.043000 ms  DeleteObjects: 0.070300 ms)

========================================================================
Received Prepare
Registering precompiled user dll's ...
Registered in 0.004974 seconds.
Begin MonoManager ReloadAssembly
Native extension for WindowsStandalone target not found
Refreshing native plugins compatible for Editor in 1.53 ms, found 2 plugins.
Preloading 0 native plugins for Editor in 0.00 ms.
Mono: successfully reloaded assembly
- Completed reload, in  1.687 seconds
Platform modules already initialized, skipping
Shader 'Universal Render Pipeline/Particles/Lit': fallback shader 'Universal Render Pipeline/Particles/SimpleLit' not found
Refreshing native plugins compatible for Editor in 1.42 ms, found 2 plugins.
Preloading 0 native plugins for Editor in 0.00 ms.
Unloading 3166 Unused Serialized files (Serialized files now loaded: 0)
System memory in use before: 158.1 MB.
System memory in use after: 158.3 MB.

Unloading 15 unused Assets to reduce memory usage. Loaded Objects now: 3953.
Total: 62.353300 ms (FindLiveObjects: 47.337800 ms CreateObjectMapping: 0.441800 ms MarkObjects: 14.407000 ms  DeleteObjects: 0.164100 ms)

========================================================================
Received Prepare
Registering precompiled user dll's ...
Registered in 0.005447 seconds.
Begin MonoManager ReloadAssembly
Native extension for WindowsStandalone target not found
Refreshing native plugins compatible for Editor in 1.55 ms, found 2 plugins.
Preloading 0 native plugins for Editor in 0.00 ms.
Mono: successfully reloaded assembly
- Completed reload, in  1.060 seconds
Platform modules already initialized, skipping
Shader 'Universal Render Pipeline/Particles/Lit': fallback shader 'Universal Render Pipeline/Particles/SimpleLit' not found
Refreshing native plugins compatible for Editor in 1.45 ms, found 2 plugins.
Preloading 0 native plugins for Editor in 0.00 ms.
Unloading 3166 Unused Serialized files (Serialized files now loaded: 0)
System memory in use before: 158.1 MB.
System memory in use after: 158.3 MB.

Unloading 15 unused Assets to reduce memory usage. Loaded Objects now: 3956.
Total: 2.785200 ms (FindLiveObjects: 0.365800 ms CreateObjectMapping: 0.138400 ms MarkObjects: 2.208000 ms  DeleteObjects: 0.071800 ms)

========================================================================
Received Prepare
Registering precompiled user dll's ...
Registered in 0.005332 seconds.
Begin MonoManager ReloadAssembly
Native extension for WindowsStandalone target not found
Refreshing native plugins compatible for Editor in 0.99 ms, found 2 plugins.
Preloading 0 native plugins for Editor in 0.00 ms.
Mono: successfully reloaded assembly
- Completed reload, in  1.274 seconds
Platform modules already initialized, skipping
Shader 'Universal Render Pipeline/Particles/Lit': fallback shader 'Universal Render Pipeline/Particles/SimpleLit' not found
Refreshing native plugins compatible for Editor in 0.88 ms, found 2 plugins.
Preloading 0 native plugins for Editor in 0.00 ms.
Unloading 3166 Unused Serialized files (Serialized files now loaded: 0)
System memory in use before: 158.1 MB.
System memory in use after: 158.3 MB.

Unloading 15 unused Assets to reduce memory usage. Loaded Objects now: 3959.
Total: 4.202100 ms (FindLiveObjects: 0.401500 ms CreateObjectMapping: 0.263900 ms MarkObjects: 3.458200 ms  DeleteObjects: 0.077200 ms)

========================================================================
Received Prepare
Registering precompiled user dll's ...
Registered in 0.006161 seconds.
Begin MonoManager ReloadAssembly
Native extension for WindowsStandalone target not found
Refreshing native plugins compatible for Editor in 0.88 ms, found 2 plugins.
Preloading 0 native plugins for Editor in 0.00 ms.
Mono: successfully reloaded assembly
- Completed reload, in  1.064 seconds
Platform modules already initialized, skipping
Shader 'Universal Render Pipeline/Particles/Lit': fallback shader 'Universal Render Pipeline/Particles/SimpleLit' not found
Refreshing native plugins compatible for Editor in 0.92 ms, found 2 plugins.
Preloading 0 native plugins for Editor in 0.00 ms.
Unloading 3166 Unused Serialized files (Serialized files now loaded: 0)
System memory in use before: 158.1 MB.
System memory in use after: 158.3 MB.

Unloading 15 unused Assets to reduce memory usage. Loaded Objects now: 3962.
Total: 4.054600 ms (FindLiveObjects: 0.703900 ms CreateObjectMapping: 0.223100 ms MarkObjects: 2.976100 ms  DeleteObjects: 0.149600 ms)

========================================================================
Received Prepare
Registering precompiled user dll's ...
Registered in 0.005129 seconds.
Begin MonoManager ReloadAssembly
Native extension for WindowsStandalone target not found
Refreshing native plugins compatible for Editor in 1.12 ms, found 2 plugins.
Preloading 0 native plugins for Editor in 0.00 ms.
Mono: successfully reloaded assembly
- Completed reload, in  1.099 seconds
Platform modules already initialized, skipping
Shader 'Universal Render Pipeline/Particles/Lit': fallback shader 'Universal Render Pipeline/Particles/SimpleLit' not found
Refreshing native plugins compatible for Editor in 1.05 ms, found 2 plugins.
Preloading 0 native plugins for Editor in 0.00 ms.
Unloading 3166 Unused Serialized files (Serialized files now loaded: 0)
System memory in use before: 158.1 MB.
System memory in use after: 158.3 MB.

Unloading 15 unused Assets to reduce memory usage. Loaded Objects now: 3965.
Total: 3.212400 ms (FindLiveObjects: 0.352900 ms CreateObjectMapping: 0.163700 ms MarkObjects: 2.619500 ms  DeleteObjects: 0.075000 ms)

========================================================================
Received Prepare
Registering precompiled user dll's ...
Registered in 0.006443 seconds.
Begin MonoManager ReloadAssembly
Native extension for WindowsStandalone target not found
Refreshing native plugins compatible for Editor in 1.09 ms, found 2 plugins.
Preloading 0 native plugins for Editor in 0.00 ms.
Mono: successfully reloaded assembly
- Completed reload, in  1.071 seconds
Platform modules already initialized, skipping
Shader 'Universal Render Pipeline/Particles/Lit': fallback shader 'Universal Render Pipeline/Particles/SimpleLit' not found
Refreshing native plugins compatible for Editor in 0.93 ms, found 2 plugins.
Preloading 0 native plugins for Editor in 0.00 ms.
Unloading 3166 Unused Serialized files (Serialized files now loaded: 0)
System memory in use before: 158.1 MB.
System memory in use after: 158.3 MB.

Unloading 15 unused Assets to reduce memory usage. Loaded Objects now: 3968.
Total: 4.252400 ms (FindLiveObjects: 0.402000 ms CreateObjectMapping: 0.179600 ms MarkObjects: 3.562100 ms  DeleteObjects: 0.106800 ms)

========================================================================
Received Prepare
Registering precompiled user dll's ...
Registered in 0.006167 seconds.
Begin MonoManager ReloadAssembly
Native extension for WindowsStandalone target not found
Refreshing native plugins compatible for Editor in 0.94 ms, found 2 plugins.
Preloading 0 native plugins for Editor in 0.00 ms.
Mono: successfully reloaded assembly
- Completed reload, in  1.298 seconds
Platform modules already initialized, skipping
Shader 'Universal Render Pipeline/Particles/Lit': fallback shader 'Universal Render Pipeline/Particles/SimpleLit' not found
Refreshing native plugins compatible for Editor in 0.91 ms, found 2 plugins.
Preloading 0 native plugins for Editor in 0.00 ms.
Unloading 3166 Unused Serialized files (Serialized files now loaded: 0)
System memory in use before: 158.1 MB.
System memory in use after: 158.4 MB.

Unloading 15 unused Assets to reduce memory usage. Loaded Objects now: 3971.
Total: 2.849500 ms (FindLiveObjects: 0.368700 ms CreateObjectMapping: 0.122500 ms MarkObjects: 2.291000 ms  DeleteObjects: 0.066000 ms)

========================================================================
Received Prepare
Registering precompiled user dll's ...
Registered in 0.005903 seconds.
Begin MonoManager ReloadAssembly
Native extension for WindowsStandalone target not found
Refreshing native plugins compatible for Editor in 1.24 ms, found 2 plugins.
Preloading 0 native plugins for Editor in 0.00 ms.
Mono: successfully reloaded assembly
- Completed reload, in  1.543 seconds
Platform modules already initialized, skipping
Shader 'Universal Render Pipeline/Particles/Lit': fallback shader 'Universal Render Pipeline/Particles/SimpleLit' not found
Refreshing native plugins compatible for Editor in 1.69 ms, found 2 plugins.
Preloading 0 native plugins for Editor in 0.00 ms.
Unloading 3166 Unused Serialized files (Serialized files now loaded: 0)
System memory in use before: 158.1 MB.
System memory in use after: 158.4 MB.

Unloading 15 unused Assets to reduce memory usage. Loaded Objects now: 3974.
Total: 3.373300 ms (FindLiveObjects: 0.430700 ms CreateObjectMapping: 0.308300 ms MarkObjects: 2.555700 ms  DeleteObjects: 0.077400 ms)

AssetImportWorkerClient::OnTransportError - code=2 error=End of file
